<?xml version="1.0" encoding="UTF-8"?>
<!-- Generated by org.testng.reporters.JUnitReportReporter -->
<testsuite hostname="V-Secur6-0" name="com.wfmtesting.testng.Admin_LoginEnableTest" tests="1" failures="0" timestamp="19 Oct 2016 10:48:41 GMT" time="163.142" errors="0">
  <testcase name="LoginEnableDisable" time="163.142" classname="com.wfmtesting.testng.Admin_LoginEnableTest"/>
</testsuite> <!-- com.wfmtesting.testng.Admin_LoginEnableTest -->
