<?xml version="1.0" encoding="UTF-8"?>
<!-- Generated by org.testng.reporters.JUnitReportReporter -->
<testsuite hostname="V-Secur6-0" name="com.wfmtesting.testng.Admin_CreateUsFoTa" tests="1" failures="0" timestamp="19 Oct 2016 10:48:41 GMT" time="58.548" errors="0">
  <testcase name="CreateUserFormTaskAssign" time="58.548" classname="com.wfmtesting.testng.Admin_CreateUsFoTa"/>
</testsuite> <!-- com.wfmtesting.testng.Admin_CreateUsFoTa -->
