<?xml version="1.0" encoding="UTF-8"?>
<!-- Generated by org.testng.reporters.JUnitReportReporter -->
<testsuite hostname="V-Secur6-0" name="com.wfmtesting.testng.SAdmin_CreateOrg" tests="1" failures="0" timestamp="19 Oct 2016 10:48:41 GMT" time="57.062" errors="0">
  <testcase name="CreateORG" time="57.062" classname="com.wfmtesting.testng.SAdmin_CreateOrg"/>
</testsuite> <!-- com.wfmtesting.testng.SAdmin_CreateOrg -->
