<?xml version="1.0" encoding="UTF-8"?>
<!-- Generated by org.testng.reporters.JUnitReportReporter -->
<testsuite hostname="V-Secur6-0" name="com.wfmtesting.testng.Admin_DesignationTests" tests="1" failures="0" timestamp="19 Oct 2016 10:48:41 GMT" time="193.956" errors="0">
  <testcase name="CreateDesignationUserAssign" time="193.956" classname="com.wfmtesting.testng.Admin_DesignationTests"/>
</testsuite> <!-- com.wfmtesting.testng.Admin_DesignationTests -->
